c:\users\dell\desktop\yarab\yarab\x64\debug\vc140.pdb
c:\users\dell\desktop\yarab\yarab\x64\debug\user.obj
c:\users\dell\desktop\yarab\yarab\x64\debug\test.obj
c:\users\dell\desktop\yarab\yarab\x64\debug\select.obj
c:\users\dell\desktop\yarab\yarab\x64\debug\savingaccount.obj
c:\users\dell\desktop\yarab\yarab\x64\debug\saveform.obj
c:\users\dell\desktop\yarab\yarab\x64\debug\loanform.obj
c:\users\dell\desktop\yarab\yarab\x64\debug\loanaccount.obj
c:\users\dell\desktop\yarab\yarab\x64\debug\first.obj
c:\users\dell\desktop\yarab\yarab\x64\debug\checkingaccount.obj
c:\users\dell\desktop\yarab\yarab\x64\debug\checkform.obj
c:\users\dell\desktop\yarab\yarab\x64\debug\account.obj
h:\built omk\yarab - copy - copy - copy - copy\yarab\x64\debug\vc140.pdb
h:\built omk\yarab - copy - copy - copy - copy\yarab\x64\debug\user.obj
h:\built omk\yarab - copy - copy - copy - copy\yarab\x64\debug\test.obj
h:\built omk\yarab - copy - copy - copy - copy\yarab\x64\debug\savingaccount.obj
h:\built omk\yarab - copy - copy - copy - copy\yarab\x64\debug\saveform.obj
h:\built omk\yarab - copy - copy - copy - copy\yarab\x64\debug\report.obj
h:\built omk\yarab - copy - copy - copy - copy\yarab\x64\debug\register.obj
h:\built omk\yarab - copy - copy - copy - copy\yarab\x64\debug\person.obj
h:\built omk\yarab - copy - copy - copy - copy\yarab\x64\debug\operation.obj
h:\built omk\yarab - copy - copy - copy - copy\yarab\x64\debug\loanform.obj
h:\built omk\yarab - copy - copy - copy - copy\yarab\x64\debug\loanaccount.obj
h:\built omk\yarab - copy - copy - copy - copy\yarab\x64\debug\first.obj
h:\built omk\yarab - copy - copy - copy - copy\yarab\x64\debug\checkingaccount.obj
h:\built omk\yarab - copy - copy - copy - copy\yarab\x64\debug\admin1.obj
h:\built omk\yarab - copy - copy - copy - copy\yarab\x64\debug\admin.obj
h:\built omk\yarab - copy - copy - copy - copy\yarab\x64\debug\account.obj
c:\users\dell\desktop\yarab - copy - copy - copy - copy\yarab\x64\debug\vc140.pdb
c:\users\dell\desktop\yarab - copy - copy - copy - copy\yarab\x64\debug\user.obj
c:\users\dell\desktop\yarab - copy - copy - copy - copy\yarab\x64\debug\test.obj
c:\users\dell\desktop\yarab - copy - copy - copy - copy\yarab\x64\debug\savingaccount.obj
c:\users\dell\desktop\yarab - copy - copy - copy - copy\yarab\x64\debug\saveform.obj
c:\users\dell\desktop\yarab - copy - copy - copy - copy\yarab\x64\debug\report.obj
c:\users\dell\desktop\yarab - copy - copy - copy - copy\yarab\x64\debug\register.obj
c:\users\dell\desktop\yarab - copy - copy - copy - copy\yarab\x64\debug\person.obj
c:\users\dell\desktop\yarab - copy - copy - copy - copy\yarab\x64\debug\operation.obj
c:\users\dell\desktop\yarab - copy - copy - copy - copy\yarab\x64\debug\loanform.obj
c:\users\dell\desktop\yarab - copy - copy - copy - copy\yarab\x64\debug\loanaccount.obj
c:\users\dell\desktop\yarab - copy - copy - copy - copy\yarab\x64\debug\first.obj
c:\users\dell\desktop\yarab - copy - copy - copy - copy\yarab\x64\debug\checkingaccount.obj
c:\users\dell\desktop\yarab - copy - copy - copy - copy\yarab\x64\debug\admin1.obj
c:\users\dell\desktop\yarab - copy - copy - copy - copy\yarab\x64\debug\admin.obj
c:\users\dell\desktop\yarab - copy - copy - copy - copy\yarab\x64\debug\account.obj
c:\users\metro\desktop\new folder (5)\yarab - copy - copy - copy - copy\yarab\x64\debug\vc140.pdb
c:\users\metro\desktop\new folder (5)\yarab - copy - copy - copy - copy\yarab\x64\debug\user.obj
c:\users\metro\desktop\new folder (5)\yarab - copy - copy - copy - copy\yarab\x64\debug\test.obj
c:\users\metro\desktop\new folder (5)\yarab - copy - copy - copy - copy\yarab\x64\debug\savingaccount.obj
c:\users\metro\desktop\new folder (5)\yarab - copy - copy - copy - copy\yarab\x64\debug\saveform.obj
c:\users\metro\desktop\new folder (5)\yarab - copy - copy - copy - copy\yarab\x64\debug\report.obj
c:\users\metro\desktop\new folder (5)\yarab - copy - copy - copy - copy\yarab\x64\debug\register.obj
c:\users\metro\desktop\new folder (5)\yarab - copy - copy - copy - copy\yarab\x64\debug\person.obj
c:\users\metro\desktop\new folder (5)\yarab - copy - copy - copy - copy\yarab\x64\debug\operation.obj
c:\users\metro\desktop\new folder (5)\yarab - copy - copy - copy - copy\yarab\x64\debug\loanform.obj
c:\users\metro\desktop\new folder (5)\yarab - copy - copy - copy - copy\yarab\x64\debug\loanaccount.obj
c:\users\metro\desktop\new folder (5)\yarab - copy - copy - copy - copy\yarab\x64\debug\first.obj
c:\users\metro\desktop\new folder (5)\yarab - copy - copy - copy - copy\yarab\x64\debug\checkingaccount.obj
c:\users\metro\desktop\new folder (5)\yarab - copy - copy - copy - copy\yarab\x64\debug\admin1.obj
c:\users\metro\desktop\new folder (5)\yarab - copy - copy - copy - copy\yarab\x64\debug\admin.obj
c:\users\metro\desktop\new folder (5)\yarab - copy - copy - copy - copy\yarab\x64\debug\account.obj
c:\users\metro\desktop\new folder (5)\yarab - copy - copy - copy - copy\yarab\x64\debug\.netframework,version=v4.5.2.assemblyattributes.obj
c:\users\metro\desktop\new folder (5)\yarab - copy - copy - copy - copy\yarab\x64\debug\.netframework,version=v4.5.2.assemblyattributes.asm
c:\users\metro\desktop\pro\new folder (5)\yarab - copy - copy - copy - copy\yarab\x64\debug\vc140.pdb
c:\users\metro\desktop\pro\new folder (5)\yarab - copy - copy - copy - copy\yarab\x64\debug\user.obj
c:\users\metro\desktop\pro\new folder (5)\yarab - copy - copy - copy - copy\yarab\x64\debug\test.obj
c:\users\metro\desktop\pro\new folder (5)\yarab - copy - copy - copy - copy\yarab\x64\debug\savingaccount.obj
c:\users\metro\desktop\pro\new folder (5)\yarab - copy - copy - copy - copy\yarab\x64\debug\saveform.obj
c:\users\metro\desktop\pro\new folder (5)\yarab - copy - copy - copy - copy\yarab\x64\debug\report.obj
c:\users\metro\desktop\pro\new folder (5)\yarab - copy - copy - copy - copy\yarab\x64\debug\register.obj
c:\users\metro\desktop\pro\new folder (5)\yarab - copy - copy - copy - copy\yarab\x64\debug\person.obj
c:\users\metro\desktop\pro\new folder (5)\yarab - copy - copy - copy - copy\yarab\x64\debug\operation.obj
c:\users\metro\desktop\pro\new folder (5)\yarab - copy - copy - copy - copy\yarab\x64\debug\loanform.obj
c:\users\metro\desktop\pro\new folder (5)\yarab - copy - copy - copy - copy\yarab\x64\debug\loanaccount.obj
c:\users\metro\desktop\pro\new folder (5)\yarab - copy - copy - copy - copy\yarab\x64\debug\first.obj
c:\users\metro\desktop\pro\new folder (5)\yarab - copy - copy - copy - copy\yarab\x64\debug\checkingaccount.obj
c:\users\metro\desktop\pro\new folder (5)\yarab - copy - copy - copy - copy\yarab\x64\debug\admin1.obj
c:\users\metro\desktop\pro\new folder (5)\yarab - copy - copy - copy - copy\yarab\x64\debug\admin.obj
c:\users\metro\desktop\pro\new folder (5)\yarab - copy - copy - copy - copy\yarab\x64\debug\account.obj
c:\users\metro\desktop\new folder (5)\yarab - copy - copy - copy - copy\x64\debug\yarab.exe
c:\users\metro\desktop\new folder (5)\yarab - copy - copy - copy - copy\x64\debug\yarab.pdb
c:\users\metro\desktop\pro\new folder (5)\yarab - copy - copy - copy - copy\x64\debug\yarab.exe
c:\users\metro\desktop\pro\new folder (5)\yarab - copy - copy - copy - copy\x64\debug\yarab.pdb
c:\users\metro\desktop\pro\new folder (5)\yarab - copy - copy - copy - copy\yarab\x64\debug\yarab.tlog\metagen.write.1.tlog
c:\users\dell\desktop\yarab\yarab\x64\debug\yarab.res
h:\built omk\yarab - copy - copy - copy - copy\yarab\x64\debug\yarab.res
c:\users\dell\desktop\yarab - copy - copy - copy - copy\yarab\x64\debug\yarab.res
c:\users\metro\desktop\new folder (5)\yarab - copy - copy - copy - copy\yarab\x64\debug\yarab.res
c:\users\metro\desktop\pro\new folder (5)\yarab - copy - copy - copy - copy\yarab\x64\debug\yarab.res
c:\users\dell\desktop\yarab\yarab\x64\debug\yarab.checkform.resources
c:\users\dell\desktop\yarab\yarab\x64\debug\yarab.first.resources
c:\users\dell\desktop\yarab\yarab\x64\debug\yarab.loanform.resources
c:\users\dell\desktop\yarab\yarab\x64\debug\yarab.saveform.resources
c:\users\dell\desktop\yarab\yarab\x64\debug\yarab.select.resources
h:\built omk\yarab - copy - copy - copy - copy\yarab\x64\debug\yarab.admin1.resources
h:\built omk\yarab - copy - copy - copy - copy\yarab\x64\debug\yarab.checkform.resources
h:\built omk\yarab - copy - copy - copy - copy\yarab\x64\debug\yarab.first.resources
h:\built omk\yarab - copy - copy - copy - copy\yarab\x64\debug\yarab.loanform.resources
h:\built omk\yarab - copy - copy - copy - copy\yarab\x64\debug\yarab.register.resources
h:\built omk\yarab - copy - copy - copy - copy\yarab\x64\debug\yarab.report.resources
h:\built omk\yarab - copy - copy - copy - copy\yarab\x64\debug\yarab.saveform.resources
h:\built omk\yarab - copy - copy - copy - copy\yarab\x64\debug\yarab.seelect_account.resources
h:\built omk\yarab - copy - copy - copy - copy\yarab\x64\debug\yarab.select.resources
c:\users\dell\desktop\yarab - copy - copy - copy - copy\yarab\x64\debug\yarab.admin1.resources
c:\users\dell\desktop\yarab - copy - copy - copy - copy\yarab\x64\debug\yarab.checkform.resources
c:\users\dell\desktop\yarab - copy - copy - copy - copy\yarab\x64\debug\yarab.first.resources
c:\users\dell\desktop\yarab - copy - copy - copy - copy\yarab\x64\debug\yarab.loanform.resources
c:\users\dell\desktop\yarab - copy - copy - copy - copy\yarab\x64\debug\yarab.register.resources
c:\users\dell\desktop\yarab - copy - copy - copy - copy\yarab\x64\debug\yarab.report.resources
c:\users\dell\desktop\yarab - copy - copy - copy - copy\yarab\x64\debug\yarab.saveform.resources
c:\users\dell\desktop\yarab - copy - copy - copy - copy\yarab\x64\debug\yarab.seelect_account.resources
c:\users\dell\desktop\yarab - copy - copy - copy - copy\yarab\x64\debug\yarab.select.resources
c:\users\metro\desktop\new folder (5)\yarab - copy - copy - copy - copy\yarab\x64\debug\yarab.admin1.resources
c:\users\metro\desktop\new folder (5)\yarab - copy - copy - copy - copy\yarab\x64\debug\yarab.checkform.resources
c:\users\metro\desktop\new folder (5)\yarab - copy - copy - copy - copy\yarab\x64\debug\yarab.first.resources
c:\users\metro\desktop\new folder (5)\yarab - copy - copy - copy - copy\yarab\x64\debug\yarab.loanform.resources
c:\users\metro\desktop\new folder (5)\yarab - copy - copy - copy - copy\yarab\x64\debug\yarab.register.resources
c:\users\metro\desktop\new folder (5)\yarab - copy - copy - copy - copy\yarab\x64\debug\yarab.report.resources
c:\users\metro\desktop\new folder (5)\yarab - copy - copy - copy - copy\yarab\x64\debug\yarab.saveform.resources
c:\users\metro\desktop\new folder (5)\yarab - copy - copy - copy - copy\yarab\x64\debug\yarab.seelect_account.resources
c:\users\metro\desktop\new folder (5)\yarab - copy - copy - copy - copy\yarab\x64\debug\yarab.select.resources
c:\users\metro\desktop\pro\new folder (5)\yarab - copy - copy - copy - copy\x64\debug\bunifu_ui_v1.52.dll
c:\users\metro\desktop\pro\new folder (5)\yarab - copy - copy - copy - copy\yarab\x64\debug\yarab.admin1.resources
c:\users\metro\desktop\pro\new folder (5)\yarab - copy - copy - copy - copy\yarab\x64\debug\yarab.checkform.resources
c:\users\metro\desktop\pro\new folder (5)\yarab - copy - copy - copy - copy\yarab\x64\debug\yarab.first.resources
c:\users\metro\desktop\pro\new folder (5)\yarab - copy - copy - copy - copy\yarab\x64\debug\yarab.loanform.resources
c:\users\metro\desktop\pro\new folder (5)\yarab - copy - copy - copy - copy\yarab\x64\debug\yarab.register.resources
c:\users\metro\desktop\pro\new folder (5)\yarab - copy - copy - copy - copy\yarab\x64\debug\yarab.report.resources
c:\users\metro\desktop\pro\new folder (5)\yarab - copy - copy - copy - copy\yarab\x64\debug\yarab.saveform.resources
c:\users\metro\desktop\pro\new folder (5)\yarab - copy - copy - copy - copy\yarab\x64\debug\yarab.seelect_account.resources
c:\users\metro\desktop\pro\new folder (5)\yarab - copy - copy - copy - copy\yarab\x64\debug\yarab.select.resources
c:\users\metro\desktop\pro\new folder (5)\yarab - copy - copy - copy - copy\yarab\x64\debug\yarab.vcxproj.generateresource.cache
c:\users\metro\desktop\pro\new folder (5)\yarab - copy - copy - copy - copy\yarab\x64\debug\yarab.vcxprojresolveassemblyreference.cache
c:\users\metro\desktop\pro\new folder (5)\yarab - copy - copy - copy - copy\yarab\x64\debug\.netframework,version=v4.5.2.assemblyattributes.obj
c:\users\metro\desktop\pro\new folder (5)\yarab - copy - copy - copy - copy\yarab\x64\debug\checkform.obj
c:\users\metro\desktop\pro\new folder (5)\yarab - copy - copy - copy - copy\yarab\x64\debug\select.obj
c:\users\metro\desktop\pro\new folder (5)\yarab - copy - copy - copy - copy\yarab\x64\debug\yarab.tlog\cl.command.1.tlog
c:\users\metro\desktop\pro\new folder (5)\yarab - copy - copy - copy - copy\yarab\x64\debug\yarab.tlog\cl.read.1.tlog
c:\users\metro\desktop\pro\new folder (5)\yarab - copy - copy - copy - copy\yarab\x64\debug\yarab.tlog\cl.write.1.tlog
c:\users\metro\desktop\pro\new folder (5)\yarab - copy - copy - copy - copy\yarab\x64\debug\yarab.tlog\link.command.1.tlog
c:\users\metro\desktop\pro\new folder (5)\yarab - copy - copy - copy - copy\yarab\x64\debug\yarab.tlog\link.read.1.tlog
c:\users\metro\desktop\pro\new folder (5)\yarab - copy - copy - copy - copy\yarab\x64\debug\yarab.tlog\link.write.1.tlog
c:\users\metro\desktop\pro\new folder (5)\yarab - copy - copy - copy - copy\yarab\x64\debug\yarab.tlog\metagen.read.1.tlog
c:\users\metro\desktop\pro\new folder (5)\yarab - copy - copy - copy - copy\yarab\x64\debug\yarab.tlog\rc.command.1.tlog
c:\users\metro\desktop\pro\new folder (5)\yarab - copy - copy - copy - copy\yarab\x64\debug\yarab.tlog\rc.read.1.tlog
c:\users\metro\desktop\pro\new folder (5)\yarab - copy - copy - copy - copy\yarab\x64\debug\yarab.tlog\rc.write.1.tlog
c:\users\metro\desktop\pro\new folder (5)\yarab - copy - copy - copy - copy\yarab\x64\debug\yarab.tlog\yarab.write.1u.tlog
c:\users\metro\desktop\pro\new folder (5)\yarab - copy - copy - copy - copy\yarab\x64\debug\yarab.tlog\bunifu_ui_v1.52.dll.metagen
c:\users\metro\desktop\pro\new folder (5)\yarab - copy - copy - copy - copy\yarab\x64\debug\yarab.tlog\tzres.dll.bi
